04:37:33 **** Incremental Build of configuration Debug for project EXIT ****
make all 
Building file: ../EXITMain.c
Invoking: AVR Compiler
avr-gcc -Wall -g2 -gstabs -O0 -fpack-struct -fshort-enums -ffunction-sections -fdata-sections -std=gnu99 -funsigned-char -funsigned-bitfields -mmcu=atmega32 -DF_CPU=8000000UL -MMD -MP -MF"EXITMain.d" -MT"EXITMain.o" -c -o "EXITMain.o" "../EXITMain.c"
In file included from ../EXITMain.c:6:
k:/courses/arm_course/arm_tools/imt_sdk/imt_sdk_win_64/winavr/lib/gcc/../../avr/include/util/delay.h:90:3: warning: #warning "Compiler optimizations disabled; functions from <util/delay.h> won't work as designed"
../EXITMain.c:10: warning: return type of 'main' is not 'int'
Finished building: ../EXITMain.c
 
Building target: EXIT.elf
Invoking: AVR C Linker
avr-gcc -Wl,-Map,EXIT.map -mmcu=atmega32 -o "EXIT.elf"  ./DIO_programe.o ./EXITMain.o ./EXTI_proram.o ./GIE_program.o ./PORT_program.o   
Finished building target: EXIT.elf
 
Invoking: AVR Create Extended Listing
avr-objdump -h -S EXIT.elf  >"EXIT.lss"
Finished building: EXIT.lss
 
Create Flash image (ihex format)
avr-objcopy -R .eeprom -R .fuse -R .lock -R .signature -O ihex EXIT.elf  "EXIT.hex"
Finished building: EXIT.hex
 
Invoking: Print Size
avr-size --format=avr --mcu=atmega32 EXIT.elf
AVR Memory Usage
----------------
Device: atmega32

Program:    5544 bytes (16.9% Full)
(.text + .data + .bootloader)

Data:         10 bytes (0.5% Full)
(.data + .bss + .noinit)


Finished building: sizedummy
 

04:37:33 Build Finished (took 345ms)

