03:00:54 **** Incremental Build of configuration Debug for project ICU_1 ****
make all 
Building file: ../ICU_1_main.c
Invoking: AVR Compiler
avr-gcc -Wall -g2 -gstabs -O0 -fpack-struct -fshort-enums -ffunction-sections -fdata-sections -std=gnu99 -funsigned-char -funsigned-bitfields -mmcu=atmega32 -DF_CPU=8000000UL -MMD -MP -MF"ICU_1_main.d" -MT"ICU_1_main.o" -c -o "ICU_1_main.o" "../ICU_1_main.c"
../ICU_1_main.c:20: warning: return type of 'main' is not 'int'
Finished building: ../ICU_1_main.c
 
Building target: ICU_1.elf
Invoking: AVR C Linker
avr-gcc -Wl,-Map,ICU_1.map -mmcu=atmega32 -o "ICU_1.elf"  ./CLCD_program.o ./DIO_programe.o ./EXTI_proram.o ./GIE_program.o ./ICU_1_main.o ./PORT_program.o ./TIMER_program.o   
Finished building target: ICU_1.elf
 
Invoking: AVR Create Extended Listing
avr-objdump -h -S ICU_1.elf  >"ICU_1.lss"
Finished building: ICU_1.lss
 
Create Flash image (ihex format)
avr-objcopy -R .eeprom -R .fuse -R .lock -R .signature -O ihex ICU_1.elf  "ICU_1.hex"
Finished building: ICU_1.hex
 
Invoking: Print Size
avr-size --format=avr --mcu=atmega32 ICU_1.elf
AVR Memory Usage
----------------
Device: atmega32

Program:    9550 bytes (29.1% Full)
(.text + .data + .bootloader)

Data:         70 bytes (3.4% Full)
(.data + .bss + .noinit)


Finished building: sizedummy
 

03:00:55 Build Finished (took 348ms)

