09:42:37 **** Build of configuration Debug for project KPD ****
make all 
Building file: ../CLCD_program.c
Invoking: AVR Compiler
avr-gcc -Wall -g2 -gstabs -O0 -fpack-struct -fshort-enums -ffunction-sections -fdata-sections -std=gnu99 -funsigned-char -funsigned-bitfields -mmcu=atmega32 -DF_CPU=8000000UL -MMD -MP -MF"CLCD_program.d" -MT"CLCD_program.o" -c -o "CLCD_program.o" "../CLCD_program.c"
In file included from ../CLCD_program.c:11:
k:/courses/arm_course/arm_tools/imt_sdk/imt_sdk_win_64/winavr/lib/gcc/../../avr/include/util/delay.h:90:3: warning: #warning "Compiler optimizations disabled; functions from <util/delay.h> won't work as designed"
Finished building: ../CLCD_program.c
 
Building target: KPD.elf
Invoking: AVR C Linker
avr-gcc -Wl,-Map,KPD.map -mmcu=atmega32 -o "KPD.elf"  ./CLCD_program.o ./DIO_programe.o ./KEYPAD_program.o ./KPDmain.o ./PORT_program.o   
Finished building target: KPD.elf
 
Invoking: AVR Create Extended Listing
avr-objdump -h -S KPD.elf  >"KPD.lss"
Finished building: KPD.lss
 
Create Flash image (ihex format)
avr-objcopy -R .eeprom -R .fuse -R .lock -R .signature -O ihex KPD.elf  "KPD.hex"
Finished building: KPD.hex
 
Invoking: Print Size
avr-size --format=avr --mcu=atmega32 KPD.elf
AVR Memory Usage
----------------
Device: atmega32

Program:    6884 bytes (21.0% Full)
(.text + .data + .bootloader)

Data:         32 bytes (1.6% Full)
(.data + .bss + .noinit)


Finished building: sizedummy
 

09:42:37 Build Finished (took 401ms)

