22:03:37 **** Incremental Build of configuration Debug for project Mini_Smart_Home ****
make all 
Building file: ../Smart_Home_App.c
Invoking: AVR Compiler
avr-gcc -Wall -g2 -gstabs -O0 -fpack-struct -fshort-enums -ffunction-sections -fdata-sections -std=gnu99 -funsigned-char -funsigned-bitfields -mmcu=atmega32 -DF_CPU=8000000UL -MMD -MP -MF"Smart_Home_App.d" -MT"Smart_Home_App.o" -c -o "Smart_Home_App.o" "../Smart_Home_App.c"
../Smart_Home_App.c:18: warning: return type of 'main' is not 'int'
Finished building: ../Smart_Home_App.c
 
Building target: Mini_Smart_Home.elf
Invoking: AVR C Linker
avr-gcc -Wl,-Map,Mini_Smart_Home.map -mmcu=atmega32 -o "Mini_Smart_Home.elf"  ./ADC_program.o ./CLCD_program.o ./DIO_programe.o ./KEYPAD_program.o ./LM35_program.o ./PORT_program.o ./Smart_Home_App.o   
Finished building target: Mini_Smart_Home.elf
 
Invoking: AVR Create Extended Listing
avr-objdump -h -S Mini_Smart_Home.elf  >"Mini_Smart_Home.lss"
Finished building: Mini_Smart_Home.lss
 
Create Flash image (ihex format)
avr-objcopy -R .eeprom -R .fuse -R .lock -R .signature -O ihex Mini_Smart_Home.elf  "Mini_Smart_Home.hex"
Finished building: Mini_Smart_Home.hex
 
Invoking: Print Size
avr-size --format=avr --mcu=atmega32 Mini_Smart_Home.elf
AVR Memory Usage
----------------
Device: atmega32

Program:    7862 bytes (24.0% Full)
(.text + .data + .bootloader)

Data:         97 bytes (4.7% Full)
(.data + .bss + .noinit)


Finished building: sizedummy
 

22:03:38 Build Finished (took 470ms)

