06:48:20 **** Incremental Build of configuration Debug for project Relay ****
make all 
Building file: ../PORT_program.c
Invoking: AVR Compiler
avr-gcc -Wall -g2 -gstabs -O0 -fpack-struct -fshort-enums -ffunction-sections -fdata-sections -std=gnu99 -funsigned-char -funsigned-bitfields -mmcu=atmega32 -DF_CPU=8000000UL -MMD -MP -MF"PORT_program.d" -MT"PORT_program.o" -c -o "PORT_program.o" "../PORT_program.c"
Finished building: ../PORT_program.c
 
Building file: ../Realymain.c
Invoking: AVR Compiler
avr-gcc -Wall -g2 -gstabs -O0 -fpack-struct -fshort-enums -ffunction-sections -fdata-sections -std=gnu99 -funsigned-char -funsigned-bitfields -mmcu=atmega32 -DF_CPU=8000000UL -MMD -MP -MF"Realymain.d" -MT"Realymain.o" -c -o "Realymain.o" "../Realymain.c"
In file included from ../Realymain.c:4:
k:/courses/arm_course/arm_tools/imt_sdk/imt_sdk_win_64/winavr/lib/gcc/../../avr/include/util/delay.h:90:3: warning: #warning "Compiler optimizations disabled; functions from <util/delay.h> won't work as designed"
../Realymain.c:6: warning: return type of 'main' is not 'int'
Finished building: ../Realymain.c
 
Building target: Relay.elf
Invoking: AVR C Linker
avr-gcc -Wl,-Map,Relay.map -mmcu=atmega32 -o "Relay.elf"  ./DIO_programe.o ./PORT_program.o ./Realymain.o   
Finished building target: Relay.elf
 
Invoking: AVR Create Extended Listing
avr-objdump -h -S Relay.elf  >"Relay.lss"
Finished building: Relay.lss
 
Create Flash image (ihex format)
avr-objcopy -R .eeprom -R .fuse -R .lock -R .signature -O ihex Relay.elf  "Relay.hex"
Finished building: Relay.hex
 
Invoking: Print Size
avr-size --format=avr --mcu=atmega32 Relay.elf
AVR Memory Usage
----------------
Device: atmega32

Program:    5720 bytes (17.5% Full)
(.text + .data + .bootloader)

Data:          8 bytes (0.4% Full)
(.data + .bss + .noinit)


Finished building: sizedummy
 

06:48:21 Build Finished (took 409ms)

