02:26:16 **** Incremental Build of configuration Debug for project SPI_Slave ****
make all 
Building file: ../PORT_program.c
Invoking: AVR Compiler
avr-gcc -Wall -g2 -gstabs -O0 -fpack-struct -fshort-enums -ffunction-sections -fdata-sections -std=gnu99 -funsigned-char -funsigned-bitfields -mmcu=atmega32 -DF_CPU=8000000UL -MMD -MP -MF"PORT_program.d" -MT"PORT_program.o" -c -o "PORT_program.o" "../PORT_program.c"
Finished building: ../PORT_program.c
 
Building target: SPI_Slave.elf
Invoking: AVR C Linker
avr-gcc -Wl,-Map,SPI_Slave.map -mmcu=atmega32 -o "SPI_Slave.elf"  ./DIO_programe.o ./GIE_program.o ./PORT_program.o ./SPI_Slave_main.o ./SPI_program.o   
Finished building target: SPI_Slave.elf
 
Invoking: AVR Create Extended Listing
avr-objdump -h -S SPI_Slave.elf  >"SPI_Slave.lss"
Finished building: SPI_Slave.lss
 
Create Flash image (ihex format)
avr-objcopy -R .eeprom -R .fuse -R .lock -R .signature -O ihex SPI_Slave.elf  "SPI_Slave.hex"
Finished building: SPI_Slave.hex
 
Invoking: Print Size
avr-size --format=avr --mcu=atmega32 SPI_Slave.elf
AVR Memory Usage
----------------
Device: atmega32

Program:    6296 bytes (19.2% Full)
(.text + .data + .bootloader)

Data:         17 bytes (0.8% Full)
(.data + .bss + .noinit)


Finished building: sizedummy
 

02:26:17 Build Finished (took 334ms)

