01:55:15 **** Incremental Build of configuration Debug for project tstLcd ****
make all 
Building file: ../testmain.c
Invoking: AVR Compiler
avr-gcc -Wall -g2 -gstabs -O0 -fpack-struct -fshort-enums -ffunction-sections -fdata-sections -std=gnu99 -funsigned-char -funsigned-bitfields -mmcu=atmega32 -DF_CPU=8000000UL -MMD -MP -MF"testmain.d" -MT"testmain.o" -c -o "testmain.o" "../testmain.c"
../testmain.c:6: warning: return type of 'main' is not 'int'
Finished building: ../testmain.c
 
Building target: tstLcd.elf
Invoking: AVR C Linker
avr-gcc -Wl,-Map,tstLcd.map -mmcu=atmega32 -o "tstLcd.elf"  ./CLCD_program.o ./DIO_programe.o ./PORT_program.o ./testmain.o   
Finished building target: tstLcd.elf
 
Invoking: AVR Create Extended Listing
avr-objdump -h -S tstLcd.elf  >"tstLcd.lss"
Finished building: tstLcd.lss
 
Create Flash image (ihex format)
avr-objcopy -R .eeprom -R .fuse -R .lock -R .signature -O ihex tstLcd.elf  "tstLcd.hex"
Finished building: tstLcd.hex
 
Invoking: Print Size
avr-size --format=avr --mcu=atmega32 tstLcd.elf
AVR Memory Usage
----------------
Device: atmega32

Program:    5998 bytes (18.3% Full)
(.text + .data + .bootloader)

Data:          8 bytes (0.4% Full)
(.data + .bss + .noinit)


Finished building: sizedummy
 

01:55:15 Build Finished (took 347ms)

