07:00:35 **** Incremental Build of configuration Debug for project TWI_SLAVE_1 ****
make all 
Building file: ../TWI_program.c
Invoking: AVR Compiler
avr-gcc -Wall -g2 -gstabs -O0 -fpack-struct -fshort-enums -ffunction-sections -fdata-sections -std=gnu99 -funsigned-char -funsigned-bitfields -mmcu=atmega32 -DF_CPU=8000000UL -MMD -MP -MF"TWI_program.d" -MT"TWI_program.o" -c -o "TWI_program.o" "../TWI_program.c"
Finished building: ../TWI_program.c
 
Building target: TWI_SLAVE_1.elf
Invoking: AVR C Linker
avr-gcc -Wl,-Map,TWI_SLAVE_1.map -mmcu=atmega32 -o "TWI_SLAVE_1.elf"  ./CLCD_program.o ./DIO_programe.o ./GIE_program.o ./PORT_program.o ./TWI_SLAVE_1_main.o ./TWI_program.o   
Finished building target: TWI_SLAVE_1.elf
 
Invoking: AVR Create Extended Listing
avr-objdump -h -S TWI_SLAVE_1.elf  >"TWI_SLAVE_1.lss"
Finished building: TWI_SLAVE_1.lss
 
Create Flash image (ihex format)
avr-objcopy -R .eeprom -R .fuse -R .lock -R .signature -O ihex TWI_SLAVE_1.elf  "TWI_SLAVE_1.hex"
Finished building: TWI_SLAVE_1.hex
 
Invoking: Print Size
avr-size --format=avr --mcu=atmega32 TWI_SLAVE_1.elf
AVR Memory Usage
----------------
Device: atmega32

Program:    7408 bytes (22.6% Full)
(.text + .data + .bootloader)

Data:         46 bytes (2.2% Full)
(.data + .bss + .noinit)


Finished building: sizedummy
 

07:00:36 Build Finished (took 336ms)

