05:22:18 **** Incremental Build of configuration Debug for project TWI_Slave1 ****
make all 
Building file: ../PORT_program.c
Invoking: AVR Compiler
avr-gcc -Wall -g2 -gstabs -O0 -fpack-struct -fshort-enums -ffunction-sections -fdata-sections -std=gnu99 -funsigned-char -funsigned-bitfields -mmcu=atmega32 -DF_CPU=8000000UL -MMD -MP -MF"PORT_program.d" -MT"PORT_program.o" -c -o "PORT_program.o" "../PORT_program.c"
Finished building: ../PORT_program.c
 
Building target: TWI_Slave1.elf
Invoking: AVR C Linker
avr-gcc -Wl,-Map,TWI_Slave1.map -mmcu=atmega32 -o "TWI_Slave1.elf"  ./DIO_programe.o ./GIE_program.o ./PORT_program.o ./TWI_Slave1_main.o ./TWI_program.o   
Finished building target: TWI_Slave1.elf
 
Invoking: AVR Create Extended Listing
avr-objdump -h -S TWI_Slave1.elf  >"TWI_Slave1.lss"
Finished building: TWI_Slave1.lss
 
Create Flash image (ihex format)
avr-objcopy -R .eeprom -R .fuse -R .lock -R .signature -O ihex TWI_Slave1.elf  "TWI_Slave1.hex"
Finished building: TWI_Slave1.hex
 
Invoking: Print Size
avr-size --format=avr --mcu=atmega32 TWI_Slave1.elf
AVR Memory Usage
----------------
Device: atmega32

Program:    2264 bytes (6.9% Full)
(.text + .data + .bootloader)

Data:          1 bytes (0.0% Full)
(.data + .bss + .noinit)


Finished building: sizedummy
 

05:22:18 Build Finished (took 347ms)

