20:01:36 **** Incremental Build of configuration Debug for project WDT ****
make all 
Building file: ../WDT_main.c
Invoking: AVR Compiler
avr-gcc -Wall -g2 -gstabs -O0 -fpack-struct -fshort-enums -ffunction-sections -fdata-sections -std=gnu99 -funsigned-char -funsigned-bitfields -mmcu=atmega32 -DF_CPU=8000000UL -MMD -MP -MF"WDT_main.d" -MT"WDT_main.o" -c -o "WDT_main.o" "../WDT_main.c"
In file included from ../WDT_main.c:14:
k:/courses/arm_course/arm_tools/imt_sdk/imt_sdk_win_64/winavr/lib/gcc/../../avr/include/util/delay.h:90:3: warning: #warning "Compiler optimizations disabled; functions from <util/delay.h> won't work as designed"
../WDT_main.c:44: warning: return type of 'main' is not 'int'
Finished building: ../WDT_main.c
 
Building target: WDT.elf
Invoking: AVR C Linker
avr-gcc -Wl,-Map,WDT.map -mmcu=atmega32 -o "WDT.elf"  ./DIO_programe.o ./PORT_program.o ./WDT_main.o   
Finished building target: WDT.elf
 
Invoking: AVR Create Extended Listing
avr-objdump -h -S WDT.elf  >"WDT.lss"
Finished building: WDT.lss
 
Create Flash image (ihex format)
avr-objcopy -R .eeprom -R .fuse -R .lock -R .signature -O ihex WDT.elf  "WDT.hex"
Finished building: WDT.hex
 
Invoking: Print Size
avr-size --format=avr --mcu=atmega32 WDT.elf
AVR Memory Usage
----------------
Device: atmega32

Program:    4452 bytes (13.6% Full)
(.text + .data + .bootloader)

Data:          8 bytes (0.4% Full)
(.data + .bss + .noinit)


Finished building: sizedummy
 

20:01:36 Build Finished (took 337ms)

